0 info it worked if it ends with ok
1 verbose cli [ 'C:\\Program Files\\nodejs\\node.exe',
1 verbose cli   'C:\\Program Files\\nodejs\\node_modules\\npm\\bin\\npm-cli.js',
1 verbose cli   'run',
1 verbose cli   'ionic:serve',
1 verbose cli   '--' ]
2 info using npm@3.10.8
3 info using node@v6.9.1
4 verbose run-script [ 'preionic:serve', 'ionic:serve', 'postionic:serve' ]
5 info lifecycle WakeMe@0.0.1~preionic:serve: WakeMe@0.0.1
6 silly lifecycle WakeMe@0.0.1~preionic:serve: no script for preionic:serve, continuing
7 info lifecycle WakeMe@0.0.1~ionic:serve: WakeMe@0.0.1
8 verbose lifecycle WakeMe@0.0.1~ionic:serve: unsafe-perm in lifecycle true
9 verbose lifecycle WakeMe@0.0.1~ionic:serve: PATH: C:\Program Files\nodejs\node_modules\npm\bin\node-gyp-bin;D:\wakeme\wakeme\node_modules\.bin;C:\Ruby21-x64\bin;C:\Sencha\Cmd\5.1.3.61;C:\ProgramData\Oracle\Java\javapath;C:\app\HARSH\product\11.2.0\dbhome_1\bin;C:\Program Files\Common Files\Microsoft Shared\Windows Live;C:\Program Files (x86)\Common Files\Microsoft Shared\Windows Live;c:\Program Files (x86)\Intel\iCLS Client\;c:\Program Files\Intel\iCLS Client\;C:\Windows\system32;C:\Windows;C:\Windows\System32\Wbem;C:\Windows\System32\WindowsPowerShell\v1.0\;c:\Program Files (x86)\ATI Technologies\ATI.ACE\Core-Static;C:\Program Files\Intel\WiFi\bin\;C:\Program Files\Common Files\Intel\WirelessCommon\;C:\Program Files (x86)\Windows Live\Shared;C:\Program Files (x86)\QuickTime\QTSystem\;C:\Program Files\Microsoft SQL Server\110\Tools\Binn\;C:\hadoop-2.3.0\bin;C:\java\bin;C:\Program Files\Microsoft SQL Server\120\Tools\Binn\;C:\Program Files\Git\cmd;C:\Program Files\nodejs\;C:\Program Files (x86)\Skype\Phone\;C:\Program Files\PuTTY\;C:\Program Files (x86)\Windows Kits\10\Windows Performance Toolkit\;C:\Program Files\Microsoft SQL Server\130\Tools\Binn\;C:\Program Files\dotnet\;C:\Program Files (x86)\GtkSharp\2.12\bin;C:\Sencha\Cmd\5.1.3.61;C:\apache-ant-1.9.6\bin;C:\Users\HARSH\AppData\Roaming\npm;C:\Users\HARSH\Desktop\Android\androidsdk\sdk\platform-tools;C:\Program Files (x86)\Microsoft VS Code\bin;C:\Users\HARSH\AppData\Local\.meteor\
10 verbose lifecycle WakeMe@0.0.1~ionic:serve: CWD: D:\wakeme\wakeme
11 silly lifecycle WakeMe@0.0.1~ionic:serve: Args: [ '/d /s /c', 'ionic-app-scripts serve' ]
12 silly lifecycle WakeMe@0.0.1~ionic:serve: Returned: code: 3221225786  signal: null
13 info lifecycle WakeMe@0.0.1~ionic:serve: Failed to exec ionic:serve script
14 verbose stack Error: WakeMe@0.0.1 ionic:serve: `ionic-app-scripts serve`
14 verbose stack Exit status 3221225786
14 verbose stack     at EventEmitter.<anonymous> (C:\Program Files\nodejs\node_modules\npm\lib\utils\lifecycle.js:255:16)
14 verbose stack     at emitTwo (events.js:106:13)
14 verbose stack     at EventEmitter.emit (events.js:191:7)
14 verbose stack     at ChildProcess.<anonymous> (C:\Program Files\nodejs\node_modules\npm\lib\utils\spawn.js:40:14)
14 verbose stack     at emitTwo (events.js:106:13)
14 verbose stack     at ChildProcess.emit (events.js:191:7)
14 verbose stack     at maybeClose (internal/child_process.js:877:16)
14 verbose stack     at Process.ChildProcess._handle.onexit (internal/child_process.js:226:5)
15 verbose pkgid WakeMe@0.0.1
16 verbose cwd D:\wakeme\wakeme
17 error Windows_NT 6.1.7601
18 error argv "C:\\Program Files\\nodejs\\node.exe" "C:\\Program Files\\nodejs\\node_modules\\npm\\bin\\npm-cli.js" "run" "ionic:serve" "--"
19 error node v6.9.1
20 error npm  v3.10.8
21 error code ELIFECYCLE
22 error WakeMe@0.0.1 ionic:serve: `ionic-app-scripts serve`
22 error Exit status 3221225786
23 error Failed at the WakeMe@0.0.1 ionic:serve script 'ionic-app-scripts serve'.
23 error Make sure you have the latest version of node.js and npm installed.
23 error If you do, this is most likely a problem with the WakeMe package,
23 error not with npm itself.
23 error Tell the author that this fails on your system:
23 error     ionic-app-scripts serve
23 error You can get information on how to open an issue for this project with:
23 error     npm bugs WakeMe
23 error Or if that isn't available, you can get their info via:
23 error     npm owner ls WakeMe
23 error There is likely additional logging output above.
24 verbose exit [ 1, true ]
